<?xml version="1.0" encoding="UTF-8"?>
<testsuite xmlns:xsi="http://www.w3.org/2001/XMLSchema-instance" xsi:noNamespaceSchemaLocation="https://maven.apache.org/surefire/maven-surefire-plugin/xsd/surefire-test-report.xsd" name="cucumber.test.CucumberIntegrationTest" time="0.841" tests="6" errors="0" skipped="0" failures="0">
  <properties>
[...]
</properties>
  <testcase name="When viene chiamata con valore minore 300" classname="Scenario: funzionalità di recupeo stringa minore" time="0.001"/>
  <testcase name="Then riceve una stringa che dice che il dato è minore del valore soglia" classname="Scenario: funzionalità di recupeo stringa minore" time="0.001"/>
  <testcase name="Scenario: funzionalità di recupeo stringa minore" classname="Scenario: funzionalità di recupeo stringa minore" time="0.001"/>
  <testcase name="When viene chiamata con valore maggiore 700" classname="Scenario: funzionalità di recupeo stringa maggiore" time="0"/>
  <testcase name="Then riceve una stringa che dice che il dato è maggiore del valore soglia" classname="Scenario: funzionalità di recupeo stringa maggiore" time="0"/>
  <testcase name="Scenario: funzionalità di recupeo stringa maggiore" classname="Scenario: funzionalità di recupeo stringa maggiore" time="0"/>
</testsuite>